// 重构日志: 08f406cf
// 重构日志: 25542f8d
// 重构日志: 8676a626
// 重构日志: 339b62f6
// 重构日志: 9ded2e6a
// 同步 ID: e787f24d @ Mon Jul 13 04:11:01 UTC 2026
// 同步 ID: a65fdea0 @ Mon Jul 13 14:56:10 UTC 2026
// 同步 ID: 02823256 @ Tue Jul 14 07:11:26 UTC 2026
// 同步 ID: 67fbb718 @ Tue Jul 14 12:25:58 UTC 2026
// 同步 ID: 5b35beb6 @ Wed Jul 15 15:58:00 UTC 2026
// 重构日志: 4dfc42dc
// 重构日志: c4e6d63d
// 重构日志: c4766882
// 同步 ID: 587a10d5 @ Fri Jul 17 00:27:44 UTC 2026
// 重构日志: a9cfa670
// 重构日志: 27c39051
// 重构日志: ebe421f8
// 同步 ID: f4b1b71a @ Fri Jul 17 15:56:53 UTC 2026
// 重构日志: 28ca5d48
// 重构日志: f77de6db
// 同步 ID: c4006469 @ Sun Jul 19 04:32:17 UTC 2026
// 重构日志: 91b536b2
// 重构日志: c892e40b
// 重构日志: 94982e24
// 同步 ID: 32880f9a @ Mon Jul 20 04:21:11 UTC 2026
// 同步 ID: e815d46c @ Mon Jul 20 11:11:02 UTC 2026
// 同步 ID: b62e2346 @ Thu Jul 23 08:14:15 UTC 2026
// 同步 ID: 1e363874 @ Thu Jul 23 11:04:31 UTC 2026
// 同步 ID: 5f8a72de @ Thu Jul 23 12:57:51 UTC 2026
// 同步 ID: b2d430a3 @ Thu Jul 23 15:38:56 UTC 2026
